[2024-10-26 08:46:14] POST request received.
[2024-10-26 08:46:14] POST request received with no data.
[2024-10-26 08:48:01] POST request received.
[2024-10-26 08:48:01] Connecting to the database.
[2024-10-26 08:48:01] Users found in the database.
[2024-10-26 08:48:01] Updating database for user: Raddan with account_id: 221959239.
[2024-10-26 08:50:24] POST request received.
[2024-10-26 08:50:24] Connecting to the database.
[2024-10-26 08:50:24] Users found in the database.
[2024-10-26 08:50:24] Updating database for user: Raddan with account_id: 221959239.
[2024-10-26 08:50:47] Successfully updated database for Raddan.
[2024-10-26 08:50:47] Updating database for user: twitch.tv/diablo_wagner with account_id: 1239643906.
[2024-10-26 08:51:07] Successfully updated database for twitch.tv/diablo_wagner.
[2024-10-26 08:56:53] POST request received.
[2024-10-26 08:56:53] Connecting to the database.
[2024-10-26 08:56:53] Users found in the database.
[2024-10-26 08:56:53] Updating database for user: Raddan with account_id: 221959239.
[2024-10-26 08:57:13] Successfully updated database for Raddan.
[2024-10-26 08:57:13] Updating database for user: twitch.tv/diablo_wagner with account_id: 1239643906.
[2024-10-26 08:57:34] Successfully updated database for twitch.tv/diablo_wagner.
[2024-10-26 17:32:01] POST request received.
[2024-10-26 17:32:02] Connecting to the database.
[2024-10-26 17:32:02] Users found in the database.
[2024-10-26 17:32:02] Updating database for user: twitch.tv/diablo_wagner with account_id: 1239643906.
[2024-10-26 17:32:27] Successfully updated database for twitch.tv/diablo_wagner.
[2024-10-26 17:32:27] Updating database for user: Raddan with account_id: 221959239.
[2024-10-26 17:32:43] Successfully updated database for Raddan.
[2024-10-30 20:31:27] POST request received.
[2024-10-30 20:31:27] Connecting to the database.
[2024-10-30 20:31:27] Users found in the database.
[2024-10-30 20:31:27] Updating database for user: [value-2] with account_id: 119010169.
[2024-10-30 20:31:29] Successfully updated database for [value-2].
[2024-10-30 20:31:29] Updating database for user: Shepard with account_id: 410037519.
[2024-10-30 20:31:30] Successfully updated database for Shepard.
[2024-10-30 22:13:51] POST request received.
[2024-10-30 22:13:51] Connecting to the database.
[2024-10-30 22:13:51] Users found in the database.
[2024-10-30 22:13:51] Updating database for user: [value-2] with account_id: 119010169.
[2024-10-30 22:13:53] Successfully updated database for [value-2].
[2024-10-30 22:13:53] Updating database for user: Shepard with account_id: 410037519.
[2024-10-30 22:13:55] Successfully updated database for Shepard.
[2024-10-30 22:13:55] Updating database for user: Raddan with account_id: 221959239.
[2024-10-30 22:14:12] Successfully updated database for Raddan.
[2024-10-30 22:17:44] POST request received.
[2024-10-30 22:17:44] Connecting to the database.
[2024-10-30 22:17:44] Users found in the database.
[2024-10-30 22:17:44] Updating database for user: [value-2] with account_id: 119010169.
[2024-10-30 22:17:47] Successfully updated database for [value-2].
[2024-10-30 22:17:47] Updating database for user: Shepard with account_id: 410037519.
[2024-10-30 22:17:49] Successfully updated database for Shepard.
[2024-10-30 22:17:49] Updating database for user: Raddan with account_id: 221959239.
[2024-10-30 22:18:10] Successfully updated database for Raddan.
[2024-10-30 22:18:13] POST request received.
[2024-10-30 22:18:13] Connecting to the database.
[2024-10-30 22:18:13] Users found in the database.
[2024-10-30 22:18:13] Updating database for user: [value-2] with account_id: 119010169.
[2024-10-30 22:18:16] Successfully updated database for [value-2].
[2024-10-30 22:18:16] Updating database for user: Shepard with account_id: 410037519.
[2024-10-30 22:18:19] Successfully updated database for Shepard.
[2024-10-30 22:18:19] Updating database for user: Raddan with account_id: 221959239.
[2024-10-30 22:18:41] Successfully updated database for Raddan.
[2024-10-30 22:18:51] POST request received.
[2024-10-30 22:18:51] Connecting to the database.
[2024-10-30 22:18:51] Users found in the database.
[2024-10-30 22:18:51] Updating database for user: [value-2] with account_id: 119010169.
[2024-10-30 22:18:53] Successfully updated database for [value-2].
[2024-10-30 22:18:53] Updating database for user: Shepard with account_id: 410037519.
[2024-10-30 22:18:55] Successfully updated database for Shepard.
[2024-10-30 22:18:55] Updating database for user: Raddan with account_id: 221959239.
[2024-10-30 22:19:11] Successfully updated database for Raddan.
[2024-10-30 22:27:09] POST request received.
[2024-10-30 22:27:09] Connecting to the database.
[2024-10-30 22:27:09] Users found in the database.
[2024-10-30 22:27:09] Updating database for user: [value-2] with account_id: 119010169.
[2024-10-30 22:27:10] Successfully updated database for [value-2].
[2024-10-30 22:27:10] Updating database for user: Shepard with account_id: 410037519.
[2024-10-30 22:27:12] Successfully updated database for Shepard.
[2024-10-30 22:27:12] Updating database for user: Raddan with account_id: 221959239.
[2024-10-30 22:27:32] Successfully updated database for Raddan.
[2024-10-30 22:27:32] Updating database for user: MONARCA with account_id: 151736264.
[2024-10-30 22:27:47] Successfully updated database for MONARCA.
[2024-10-31 00:51:51] POST request received.
[2024-10-31 00:51:51] Connecting to the database.
[2024-10-31 00:51:51] Users found in the database.
[2024-10-31 00:51:51] Updating database for user: [value-2] with account_id: 119010169.
[2024-10-31 00:51:52] Successfully updated database for [value-2].
[2024-10-31 00:51:52] Updating database for user: Shepard with account_id: 410037519.
[2024-10-31 00:51:53] Successfully updated database for Shepard.
[2024-10-31 00:51:53] Updating database for user: Raddan with account_id: 221959239.
[2024-10-31 00:52:04] Successfully updated database for Raddan.
[2024-10-31 00:52:04] Updating database for user: monarca with account_id: 149118176.
[2024-10-31 00:52:16] Successfully updated database for monarca.
[2024-10-31 00:52:16] Updating database for user: michele with account_id: 114333310.
[2024-10-31 00:52:17] Successfully updated database for michele.
